# JRE version: OpenJDK Runtime Environment (7.0_121) (build 1.7.0_121-b00)
# Java VM: OpenJDK Server VM (24.121-b00 mixed mode linux-x86 )
Heap
 PSYoungGen      total 3584K, used 1417K [0xa8880000, 0xa8c80000, 0xb3340000)
  eden space 3072K, 29% used [0xa8880000,0xa8965850,0xa8b80000)
  from space 512K, 97% used [0xa8c00000,0xa8c7cdf8,0xa8c80000)
  to   space 512K, 0% used [0xa8b80000,0xa8b80000,0xa8c00000)
 ParOldGen       total 5632K, used 1231K [0x93340000, 0x938c0000, 0xa8880000)
  object space 5632K, 21% used [0x93340000,0x93473d08,0x938c0000)
 PSPermGen       total 16384K, used 8258K [0x8b340000, 0x8c340000, 0x93340000)
  object space 16384K, 50% used [0x8b340000,0x8bb50a78,0x8c340000)
GC Heap History (4 events):
Event: 1.431 GC heap before
{Heap before GC invocations=1 (full 0):
 PSYoungGen      total 3584K, used 3072K [0xa8880000, 0xa8c80000, 0xb3340000)
  eden space 3072K, 100% used [0xa8880000,0xa8b80000,0xa8b80000)
  from space 512K, 0% used [0xa8c00000,0xa8c00000,0xa8c80000)
  to   space 512K, 0% used [0xa8b80000,0xa8b80000,0xa8c00000)
 ParOldGen       total 5632K, used 0K [0x93340000, 0x938c0000, 0xa8880000)
  object space 5632K, 0% used [0x93340000,0x93340000,0x938c0000)
 PSPermGen       total 16384K, used 7106K [0x8b340000, 0x8c340000, 0x93340000)
  object space 16384K, 43% used [0x8b340000,0x8ba30840,0x8c340000)
Event: 1.437 GC heap after
Heap after GC invocations=1 (full 0):
 PSYoungGen      total 3584K, used 497K [0xa8880000, 0xa8c80000, 0xb3340000)
  eden space 3072K, 0% used [0xa8880000,0xa8880000,0xa8b80000)
  from space 512K, 97% used [0xa8b80000,0xa8bfc468,0xa8c00000)
  to   space 512K, 0% used [0xa8c00000,0xa8c00000,0xa8c80000)
 ParOldGen       total 5632K, used 784K [0x93340000, 0x938c0000, 0xa8880000)
  object space 5632K, 13% used [0x93340000,0x934040b0,0x938c0000)
 PSPermGen       total 16384K, used 7106K [0x8b340000, 0x8c340000, 0x93340000)
  object space 16384K, 43% used [0x8b340000,0x8ba30840,0x8c340000)
}
Event: 6.573 GC heap before
{Heap before GC invocations=2 (full 0):
 PSYoungGen      total 3584K, used 3569K [0xa8880000, 0xa8c80000, 0xb3340000)
  eden space 3072K, 100% used [0xa8880000,0xa8b80000,0xa8b80000)
  from space 512K, 97% used [0xa8b80000,0xa8bfc468,0xa8c00000)
  to   space 512K, 0% used [0xa8c00000,0xa8c00000,0xa8c80000)
 ParOldGen       total 5632K, used 784K [0x93340000, 0x938c0000, 0xa8880000)
  object space 5632K, 13% used [0x93340000,0x934040b0,0x938c0000)
 PSPermGen       total 16384K, used 8187K [0x8b340000, 0x8c340000, 0x93340000)
  object space 16384K, 49% used [0x8b340000,0x8bb3ef90,0x8c340000)
Event: 6.577 GC heap after
Heap after GC invocations=2 (full 0):
 PSYoungGen      total 3584K, used 499K [0xa8880000, 0xa8c80000, 0xb3340000)
  eden space 3072K, 0% used [0xa8880000,0xa8880000,0xa8b80000)
  from space 512K, 97% used [0xa8c00000,0xa8c7cdf8,0xa8c80000)
  to   space 512K, 0% used [0xa8b80000,0xa8b80000,0xa8c00000)
 ParOldGen       total 5632K, used 1231K [0x93340000, 0x938c0000, 0xa8880000)
  object space 5632K, 21% used [0x93340000,0x93473d08,0x938c0000)
 PSPermGen       total 16384K, used 8187K [0x8b340000, 0x8c340000, 0x93340000)
  object space 16384K, 49% used [0x8b340000,0x8bb3ef90,0x8c340000)
}

