# JRE version: OpenJDK Runtime Environment (7.0_121) (build 1.7.0_121-b00)
# Java VM: OpenJDK Server VM (24.121-b00 mixed mode linux-x86 )
Heap
 PSYoungGen      total 3584K, used 2134K [0xa8780000, 0xa8e40000, 0xb3240000)
  eden space 3072K, 52% used [0xa8780000,0xa89168a8,0xa8a80000)
  from space 512K, 99% used [0xa8dc0000,0xa8e3f220,0xa8e40000)
  to   space 512K, 0% used [0xa8a80000,0xa8a80000,0xa8b00000)
 ParOldGen       total 5632K, used 1808K [0x93240000, 0x937c0000, 0xa8780000)
  object space 5632K, 32% used [0x93240000,0x93404258,0x937c0000)
 PSPermGen       total 16384K, used 8282K [0x8b240000, 0x8c240000, 0x93240000)
  object space 16384K, 50% used [0x8b240000,0x8ba56900,0x8c240000)
GC Heap History (8 events):
Event: 0.472 GC heap before
{Heap before GC invocations=1 (full 0):
 PSYoungGen      total 3584K, used 3072K [0xa8780000, 0xa8b80000, 0xb3240000)
  eden space 3072K, 100% used [0xa8780000,0xa8a80000,0xa8a80000)
  from space 512K, 0% used [0xa8b00000,0xa8b00000,0xa8b80000)
  to   space 512K, 0% used [0xa8a80000,0xa8a80000,0xa8b00000)
 ParOldGen       total 5632K, used 0K [0x93240000, 0x937c0000, 0xa8780000)
  object space 5632K, 0% used [0x93240000,0x93240000,0x937c0000)
 PSPermGen       total 16384K, used 7106K [0x8b240000, 0x8c240000, 0x93240000)
  object space 16384K, 43% used [0x8b240000,0x8b930848,0x8c240000)
Event: 0.477 GC heap after
Heap after GC invocations=1 (full 0):
 PSYoungGen      total 3584K, used 504K [0xa8780000, 0xa8e80000, 0xb3240000)
  eden space 3072K, 0% used [0xa8780000,0xa8780000,0xa8a80000)
  from space 512K, 98% used [0xa8a80000,0xa8afe050,0xa8b00000)
  to   space 512K, 0% used [0xa8e00000,0xa8e00000,0xa8e80000)
 ParOldGen       total 5632K, used 763K [0x93240000, 0x937c0000, 0xa8780000)
  object space 5632K, 13% used [0x93240000,0x932feef8,0x937c0000)
 PSPermGen       total 16384K, used 7106K [0x8b240000, 0x8c240000, 0x93240000)
  object space 16384K, 43% used [0x8b240000,0x8b930848,0x8c240000)
}
Event: 4.138 GC heap before
{Heap before GC invocations=2 (full 0):
 PSYoungGen      total 3584K, used 3576K [0xa8780000, 0xa8e80000, 0xb3240000)
  eden space 3072K, 100% used [0xa8780000,0xa8a80000,0xa8a80000)
  from space 512K, 98% used [0xa8a80000,0xa8afe050,0xa8b00000)
  to   space 512K, 0% used [0xa8e00000,0xa8e00000,0xa8e80000)
 ParOldGen       total 5632K, used 763K [0x93240000, 0x937c0000, 0xa8780000)
  object space 5632K, 13% used [0x93240000,0x932feef8,0x937c0000)
 PSPermGen       total 16384K, used 8168K [0x8b240000, 0x8c240000, 0x93240000)
  object space 16384K, 49% used [0x8b240000,0x8ba3a198,0x8c240000)
Event: 4.143 GC heap after
Heap after GC invocations=2 (full 0):
 PSYoungGen      total 3584K, used 508K [0xa8780000, 0xa8e80000, 0xb3240000)
  eden space 3072K, 0% used [0xa8780000,0xa8780000,0xa8a80000)
  from space 512K, 99% used [0xa8e00000,0xa8e7f220,0xa8e80000)
  to   space 512K, 0% used [0xa8a80000,0xa8a80000,0xa8b00000)
 ParOldGen       total 5632K, used 1556K [0x93240000, 0x937c0000, 0xa8780000)
  object space 5632K, 27% used [0x93240000,0x933c5250,0x937c0000)
 PSPermGen       total 16384K, used 8168K [0x8b240000, 0x8c240000, 0x93240000)
  object space 16384K, 49% used [0x8b240000,0x8ba3a198,0x8c240000)
}
Event: 8.547 GC heap before
{Heap before GC invocations=3 (full 0):
 PSYoungGen      total 3584K, used 3580K [0xa8780000, 0xa8e80000, 0xb3240000)
  eden space 3072K, 100% used [0xa8780000,0xa8a80000,0xa8a80000)
  from space 512K, 99% used [0xa8e00000,0xa8e7f220,0xa8e80000)
  to   space 512K, 0% used [0xa8a80000,0xa8a80000,0xa8b00000)
 ParOldGen       total 5632K, used 1556K [0x93240000, 0x937c0000, 0xa8780000)
  object space 5632K, 27% used [0x93240000,0x933c5250,0x937c0000)
 PSPermGen       total 16384K, used 8198K [0x8b240000, 0x8c240000, 0x93240000)
  object space 16384K, 50% used [0x8b240000,0x8ba41ab0,0x8c240000)
Event: 8.552 GC heap after
Heap after GC invocations=3 (full 0):
 PSYoungGen      total 3584K, used 499K [0xa8780000, 0xa8e40000, 0xb3240000)
  eden space 3072K, 0% used [0xa8780000,0xa8780000,0xa8a80000)
  from space 512K, 97% used [0xa8a80000,0xa8afce08,0xa8b00000)
  to   space 512K, 0% used [0xa8dc0000,0xa8dc0000,0xa8e40000)
 ParOldGen       total 5632K, used 1748K [0x93240000, 0x937c0000, 0xa8780000)
  object space 5632K, 31% used [0x93240000,0x933f5258,0x937c0000)
 PSPermGen       total 16384K, used 8198K [0x8b240000, 0x8c240000, 0x93240000)
  object space 16384K, 50% used [0x8b240000,0x8ba41ab0,0x8c240000)
}
Event: 15.475 GC heap before
{Heap before GC invocations=4 (full 0):
 PSYoungGen      total 3584K, used 3571K [0xa8780000, 0xa8e40000, 0xb3240000)
  eden space 3072K, 100% used [0xa8780000,0xa8a80000,0xa8a80000)
  from space 512K, 97% used [0xa8a80000,0xa8afce08,0xa8b00000)
  to   space 512K, 0% used [0xa8dc0000,0xa8dc0000,0xa8e40000)
 ParOldGen       total 5632K, used 1748K [0x93240000, 0x937c0000, 0xa8780000)
  object space 5632K, 31% used [0x93240000,0x933f5258,0x937c0000)
 PSPermGen       total 16384K, used 8226K [0x8b240000, 0x8c240000, 0x93240000)
  object space 16384K, 50% used [0x8b240000,0x8ba48b28,0x8c240000)
Event: 15.483 GC heap after
Heap after GC invocations=4 (full 0):
 PSYoungGen      total 3584K, used 508K [0xa8780000, 0xa8e40000, 0xb3240000)
  eden space 3072K, 0% used [0xa8780000,0xa8780000,0xa8a80000)
  from space 512K, 99% used [0xa8dc0000,0xa8e3f220,0xa8e40000)
  to   space 512K, 0% used [0xa8a80000,0xa8a80000,0xa8b00000)
 ParOldGen       total 5632K, used 1808K [0x93240000, 0x937c0000, 0xa8780000)
  object space 5632K, 32% used [0x93240000,0x93404258,0x937c0000)
 PSPermGen       total 16384K, used 8226K [0x8b240000, 0x8c240000, 0x93240000)
  object space 16384K, 50% used [0x8b240000,0x8ba48b28,0x8c240000)
}

