# JRE version: OpenJDK Runtime Environment (7.0_121) (build 1.7.0_121-b00)
# Java VM: OpenJDK Server VM (24.121-b00 mixed mode linux-x86 )
Heap
 PSYoungGen      total 3584K, used 1194K [0xa8800000, 0xa8f00000, 0xb32c0000)
  eden space 3072K, 22% used [0xa8800000,0xa88adc08,0xa8b00000)
  from space 512K, 97% used [0xa8e80000,0xa8efcdf8,0xa8f00000)
  to   space 512K, 0% used [0xa8b00000,0xa8b00000,0xa8b80000)
 ParOldGen       total 5632K, used 1601K [0x932c0000, 0x93840000, 0xa8800000)
  object space 5632K, 28% used [0x932c0000,0x93450530,0x93840000)
 PSPermGen       total 16384K, used 8227K [0x8b2c0000, 0x8c2c0000, 0x932c0000)
  object space 16384K, 50% used [0x8b2c0000,0x8bac8fe8,0x8c2c0000)
GC Heap History (4 events):
Event: 0.448 GC heap before
{Heap before GC invocations=1 (full 0):
 PSYoungGen      total 3584K, used 3072K [0xa8800000, 0xa8c00000, 0xb32c0000)
  eden space 3072K, 100% used [0xa8800000,0xa8b00000,0xa8b00000)
  from space 512K, 0% used [0xa8b80000,0xa8b80000,0xa8c00000)
  to   space 512K, 0% used [0xa8b00000,0xa8b00000,0xa8b80000)
 ParOldGen       total 5632K, used 0K [0x932c0000, 0x93840000, 0xa8800000)
  object space 5632K, 0% used [0x932c0000,0x932c0000,0x93840000)
 PSPermGen       total 16384K, used 7058K [0x8b2c0000, 0x8c2c0000, 0x932c0000)
  object space 16384K, 43% used [0x8b2c0000,0x8b9a48a0,0x8c2c0000)
Event: 0.455 GC heap after
Heap after GC invocations=1 (full 0):
 PSYoungGen      total 3584K, used 497K [0xa8800000, 0xa8f00000, 0xb32c0000)
  eden space 3072K, 0% used [0xa8800000,0xa8800000,0xa8b00000)
  from space 512K, 97% used [0xa8b00000,0xa8b7c468,0xa8b80000)
  to   space 512K, 0% used [0xa8e80000,0xa8e80000,0xa8f00000)
 ParOldGen       total 5632K, used 762K [0x932c0000, 0x93840000, 0xa8800000)
  object space 5632K, 13% used [0x932c0000,0x9337e8f0,0x93840000)
 PSPermGen       total 16384K, used 7058K [0x8b2c0000, 0x8c2c0000, 0x932c0000)
  object space 16384K, 43% used [0x8b2c0000,0x8b9a48a0,0x8c2c0000)
}
Event: 5.063 GC heap before
{Heap before GC invocations=2 (full 0):
 PSYoungGen      total 3584K, used 3569K [0xa8800000, 0xa8f00000, 0xb32c0000)
  eden space 3072K, 100% used [0xa8800000,0xa8b00000,0xa8b00000)
  from space 512K, 97% used [0xa8b00000,0xa8b7c468,0xa8b80000)
  to   space 512K, 0% used [0xa8e80000,0xa8e80000,0xa8f00000)
 ParOldGen       total 5632K, used 762K [0x932c0000, 0x93840000, 0xa8800000)
  object space 5632K, 13% used [0x932c0000,0x9337e8f0,0x93840000)
 PSPermGen       total 16384K, used 8187K [0x8b2c0000, 0x8c2c0000, 0x932c0000)
  object space 16384K, 49% used [0x8b2c0000,0x8babefd8,0x8c2c0000)
Event: 5.068 GC heap after
Heap after GC invocations=2 (full 0):
 PSYoungGen      total 3584K, used 499K [0xa8800000, 0xa8f00000, 0xb32c0000)
  eden space 3072K, 0% used [0xa8800000,0xa8800000,0xa8b00000)
  from space 512K, 97% used [0xa8e80000,0xa8efcdf8,0xa8f00000)
  to   space 512K, 0% used [0xa8b00000,0xa8b00000,0xa8b80000)
 ParOldGen       total 5632K, used 1601K [0x932c0000, 0x93840000, 0xa8800000)
  object space 5632K, 28% used [0x932c0000,0x93450530,0x93840000)
 PSPermGen       total 16384K, used 8187K [0x8b2c0000, 0x8c2c0000, 0x932c0000)
  object space 16384K, 49% used [0x8b2c0000,0x8babefd8,0x8c2c0000)
}

