# JRE version: OpenJDK Runtime Environment (7.0_121) (build 1.7.0_121-b00)
# Java VM: OpenJDK Server VM (24.121-b00 mixed mode linux-x86 )
Heap
 PSYoungGen      total 3584K, used 3001K [0xa8880000, 0xa8f80000, 0xb3340000)
  eden space 3072K, 81% used [0xa8880000,0xa8af0b80,0xa8b80000)
  from space 512K, 98% used [0xa8f00000,0xa8f7d940,0xa8f80000)
  to   space 512K, 0% used [0xa8b80000,0xa8b80000,0xa8c00000)
 ParOldGen       total 5632K, used 2248K [0x93340000, 0x938c0000, 0xa8880000)
  object space 5632K, 39% used [0x93340000,0x93572308,0x938c0000)
 PSPermGen       total 16384K, used 8243K [0x8b340000, 0x8c340000, 0x93340000)
  object space 16384K, 50% used [0x8b340000,0x8bb4cc50,0x8c340000)
GC Heap History (4 events):
Event: 0.475 GC heap before
{Heap before GC invocations=1 (full 0):
 PSYoungGen      total 3584K, used 3072K [0xa8880000, 0xa8c80000, 0xb3340000)
  eden space 3072K, 100% used [0xa8880000,0xa8b80000,0xa8b80000)
  from space 512K, 0% used [0xa8c00000,0xa8c00000,0xa8c80000)
  to   space 512K, 0% used [0xa8b80000,0xa8b80000,0xa8c00000)
 ParOldGen       total 5632K, used 0K [0x93340000, 0x938c0000, 0xa8880000)
  object space 5632K, 0% used [0x93340000,0x93340000,0x938c0000)
 PSPermGen       total 16384K, used 7038K [0x8b340000, 0x8c340000, 0x93340000)
  object space 16384K, 42% used [0x8b340000,0x8ba1fa40,0x8c340000)
Event: 0.483 GC heap after
Heap after GC invocations=1 (full 0):
 PSYoungGen      total 3584K, used 504K [0xa8880000, 0xa8f80000, 0xb3340000)
  eden space 3072K, 0% used [0xa8880000,0xa8880000,0xa8b80000)
  from space 512K, 98% used [0xa8b80000,0xa8bfe050,0xa8c00000)
  to   space 512K, 0% used [0xa8f00000,0xa8f00000,0xa8f80000)
 ParOldGen       total 5632K, used 761K [0x93340000, 0x938c0000, 0xa8880000)
  object space 5632K, 13% used [0x93340000,0x933fe6e8,0x938c0000)
 PSPermGen       total 16384K, used 7038K [0x8b340000, 0x8c340000, 0x93340000)
  object space 16384K, 42% used [0x8b340000,0x8ba1fa40,0x8c340000)
}
Event: 3.846 GC heap before
{Heap before GC invocations=2 (full 0):
 PSYoungGen      total 3584K, used 3576K [0xa8880000, 0xa8f80000, 0xb3340000)
  eden space 3072K, 100% used [0xa8880000,0xa8b80000,0xa8b80000)
  from space 512K, 98% used [0xa8b80000,0xa8bfe050,0xa8c00000)
  to   space 512K, 0% used [0xa8f00000,0xa8f00000,0xa8f80000)
 ParOldGen       total 5632K, used 761K [0x93340000, 0x938c0000, 0xa8880000)
  object space 5632K, 13% used [0x93340000,0x933fe6e8,0x938c0000)
 PSPermGen       total 16384K, used 8187K [0x8b340000, 0x8c340000, 0x93340000)
  object space 16384K, 49% used [0x8b340000,0x8bb3ee18,0x8c340000)
Event: 3.860 GC heap after
Heap after GC invocations=2 (full 0):
 PSYoungGen      total 3584K, used 502K [0xa8880000, 0xa8f80000, 0xb3340000)
  eden space 3072K, 0% used [0xa8880000,0xa8880000,0xa8b80000)
  from space 512K, 98% used [0xa8f00000,0xa8f7d940,0xa8f80000)
  to   space 512K, 0% used [0xa8b80000,0xa8b80000,0xa8c00000)
 ParOldGen       total 5632K, used 2248K [0x93340000, 0x938c0000, 0xa8880000)
  object space 5632K, 39% used [0x93340000,0x93572308,0x938c0000)
 PSPermGen       total 16384K, used 8187K [0x8b340000, 0x8c340000, 0x93340000)
  object space 16384K, 49% used [0x8b340000,0x8bb3ee18,0x8c340000)
}

